<?xml version="1.0" encoding="UTF-8"?>
<!-- Generated by org.testng.reporters.JUnitReportReporter -->
<testsuite hostname="DESKTOP-E8UGL1N" failures="0" tests="1" name="flipkart.flipkarttestng" time="53.712" errors="0" timestamp="2022-10-13T12:40:44 IST" skipped="0">
  <testcase classname="flipkart.flipkarttestng" name="test" time="53.712"/>
  <system-out/>
</testsuite> <!-- flipkart.flipkarttestng -->
