<?xml version="1.0" encoding="UTF-8"?>
<!-- Generated by org.testng.reporters.JUnitReportReporter -->
<testsuite hostname="DESKTOP-E8UGL1N" failures="0" tests="3" name="TestNG1" time="0.011" errors="0" timestamp="2022-10-14T19:17:14 IST" skipped="0">
  <testcase classname="TestNG1" name="test3" time="0.003"/>
  <system-out/>
  <testcase classname="TestNG1" name="test1" time="0.006"/>
  <system-out/>
  <testcase classname="TestNG1" name="test2" time="0.002"/>
  <system-out/>
</testsuite> <!-- TestNG1 -->
