<?xml version="1.0" encoding="UTF-8"?>
<!-- Generated by org.testng.reporters.JUnitReportReporter -->
<testsuite hostname="DESKTOP-E8UGL1N" failures="0" tests="6" name="KEYWORDS" time="0.033" errors="0" timestamp="2022-10-07T23:06:49 IST" skipped="0">
  <testcase classname="KEYWORDS" name="test6" time="0.004"/>
  <system-out/>
  <testcase classname="KEYWORDS" name="test1" time="0.013"/>
  <system-out/>
  <testcase classname="KEYWORDS" name="test100" time="0.002"/>
  <system-out/>
  <testcase classname="KEYWORDS" name="test88" time="0.004"/>
  <system-out/>
  <testcase classname="KEYWORDS" name="test101" time="0.005"/>
  <system-out/>
  <testcase classname="KEYWORDS" name="test2" time="0.005"/>
  <system-out/>
</testsuite> <!-- KEYWORDS -->
