<?xml version="1.0" encoding="UTF-8"?>
<!-- Generated by org.testng.reporters.JUnitReportReporter -->
<testsuite hostname="DESKTOP-E8UGL1N" failures="0" tests="2" name="TestNG2" time="0.010" errors="0" timestamp="2022-10-14T19:22:08 IST" skipped="0">
  <testcase classname="TestNG2" name="testB" time="0.003"/>
  <system-out/>
  <testcase classname="TestNG2" name="testA" time="0.007"/>
  <system-out/>
</testsuite> <!-- TestNG2 -->
